[2025-01-21 16:09:39.926] PABLO :: ---------------------------------------------
[2025-01-21 16:09:39.926] PABLO :: - PABLO PArallel Balanced Linear Octree -
[2025-01-21 16:09:39.926] PABLO :: ---------------------------------------------
[2025-01-21 16:09:39.926] PABLO ::  
[2025-01-21 16:09:39.926] PABLO :: ---------------------------------------------
[2025-01-21 16:09:39.926] PABLO :: - PABLO restart -
[2025-01-21 16:09:39.926] PABLO :: ---------------------------------------------
[2025-01-21 16:09:39.926] PABLO ::  Number of proc	:	1
[2025-01-21 16:09:39.926] PABLO ::  Dimension		:	2
[2025-01-21 16:09:39.926] PABLO ::  Max allowed level	:	20
[2025-01-21 16:09:39.926] PABLO ::  Number of octants	:	1
[2025-01-21 16:09:39.926] PABLO :: ---------------------------------------------
[2025-01-21 16:09:39.926] PABLO ::  
[2025-01-21 16:09:39.926] PABLO :: ---------------------------------------------
[2025-01-21 16:09:39.926] PABLO ::  LOAD BALANCE 
[2025-01-21 16:09:39.926] PABLO ::  
[2025-01-21 16:09:39.926] PABLO ::  Serial partition : 
[2025-01-21 16:09:39.926] PABLO ::  Octants for proc	0	:	1
[2025-01-21 16:09:39.926] PABLO ::  
[2025-01-21 16:09:39.926] PABLO :: ---------------------------------------------
[2025-01-21 16:09:39.926] PABLO :: ---------------------------------------------
[2025-01-21 16:09:39.926] PABLO ::  ADAPT (Refine/Coarse)
[2025-01-21 16:09:39.926] PABLO ::  
[2025-01-21 16:09:39.926] PABLO :: ---------------------------------------------
[2025-01-21 16:09:39.926] PABLO ::  2:1 BALANCE (balancing Marker before Adapt)
[2025-01-21 16:09:39.926] PABLO ::  
[2025-01-21 16:09:39.926] PABLO ::  Iterative procedure	
[2025-01-21 16:09:39.926] PABLO ::  
[2025-01-21 16:09:39.926] PABLO ::  Iteration	:	0
[2025-01-21 16:09:39.926] PABLO ::  2:1 Balancing reached 
[2025-01-21 16:09:39.926] PABLO ::  
[2025-01-21 16:09:39.926] PABLO :: ---------------------------------------------
[2025-01-21 16:09:39.926] PABLO ::  
[2025-01-21 16:09:39.926] PABLO ::  Initial Number of octants		:	1
[2025-01-21 16:09:39.926] PABLO ::  Number of octants after Refine	:	4096
[2025-01-21 16:09:39.927] PABLO ::  Number of octants after Coarse	:	4096
[2025-01-21 16:09:39.927] PABLO ::  
[2025-01-21 16:09:39.927] PABLO :: ---------------------------------------------
[2025-01-21 16:10:23.996] PABLO :: ---------------------------------------------
[2025-01-21 16:10:23.996] PABLO :: --------------- R.I.P. PABLO ----------------
[2025-01-21 16:10:23.996] PABLO :: ---------------------------------------------
[2025-01-21 16:10:23.996] PABLO :: ---------------------------------------------
